

Processing ApplicationController#index (for 127.0.0.1 at 2009-11-21 13:19:35) [GET]


Processing ApplicationController#index (for 127.0.0.1 at 2009-11-21 13:19:35) [GET]


Processing ApplicationController#index (for 127.0.0.1 at 2009-11-21 13:19:35) [GET]


Processing ApplicationController#index (for 127.0.0.1 at 2009-11-21 13:19:35) [GET]


Processing ApplicationController#index (for 127.0.0.1 at 2009-11-21 13:19:35) [GET]


Processing ApplicationController#index (for 127.0.0.1 at 2009-11-21 13:19:35) [GET]

ActionController::RoutingError (No route matches "/pictures" with {:method=>:get}):
  passenger (2.2.5) lib/phusion_passenger/rack/request_handler.rb:95:in `process_request'
  passenger (2.2.5) lib/phusion_passenger/abstract_request_handler.rb:207:in `main_loop'
  passenger (2.2.5) lib/phusion_passenger/railz/application_spawner.rb:378:in `start_request_handler'
  passenger (2.2.5) lib/phusion_passenger/railz/application_spawner.rb:336:in `handle_spawn_application'
  passenger (2.2.5) lib/phusion_passenger/utils.rb:183:in `safe_fork'
  passenger (2.2.5) lib/phusion_passenger/railz/application_spawner.rb:334:in `handle_spawn_application'
  passenger (2.2.5) lib/phusion_passenger/abstract_server.rb:352:in `__send__'
  passenger (2.2.5) lib/phusion_passenger/abstract_server.rb:352:in `main_loop'
  passenger (2.2.5) lib/phusion_passenger/abstract_server.rb:196:in `start_synchronously'
  passenger (2.2.5) lib/phusion_passenger/abstract_server.rb:163:in `start'
  passenger (2.2.5) lib/phusion_passenger/railz/application_spawner.rb:213:in `start'
  passenger (2.2.5) lib/phusion_passenger/spawn_manager.rb:262:in `spawn_rails_application'
  passenger (2.2.5) lib/phusion_passenger/abstract_server_collection.rb:126:in `lookup_or_add'
  passenger (2.2.5) lib/phusion_passenger/spawn_manager.rb:256:in `spawn_rails_application'
  passenger (2.2.5) lib/phusion_passenger/abstract_server_collection.rb:80:in `synchronize'
  passenger (2.2.5) lib/phusion_passenger/abstract_server_collection.rb:79:in `synchronize'
  passenger (2.2.5) lib/phusion_passenger/spawn_manager.rb:255:in `spawn_rails_application'
  passenger (2.2.5) lib/phusion_passenger/spawn_manager.rb:154:in `spawn_application'
  passenger (2.2.5) lib/phusion_passenger/spawn_manager.rb:287:in `handle_spawn_application'
  passenger (2.2.5) lib/phusion_passenger/abstract_server.rb:352:in `__send__'
  passenger (2.2.5) lib/phusion_passenger/abstract_server.rb:352:in `main_loop'
  passenger (2.2.5) lib/phusion_passenger/abstract_server.rb:196:in `start_synchronously'

Rendering rescues/layout (not_found)

ActionController::RoutingError (No route matches "/pictures" with {:method=>:get}):
  passenger (2.2.5) lib/phusion_passenger/rack/request_handler.rb:95:in `process_request'
  passenger (2.2.5) lib/phusion_passenger/abstract_request_handler.rb:207:in `main_loop'
  passenger (2.2.5) lib/phusion_passenger/railz/application_spawner.rb:378:in `start_request_handler'
  passenger (2.2.5) lib/phusion_passenger/railz/application_spawner.rb:336:in `handle_spawn_application'
  passenger (2.2.5) lib/phusion_passenger/utils.rb:183:in `safe_fork'
  passenger (2.2.5) lib/phusion_passenger/railz/application_spawner.rb:334:in `handle_spawn_application'
  passenger (2.2.5) lib/phusion_passenger/abstract_server.rb:352:in `__send__'
  passenger (2.2.5) lib/phusion_passenger/abstract_server.rb:352:in `main_loop'
  passenger (2.2.5) lib/phusion_passenger/abstract_server.rb:196:in `start_synchronously'
  passenger (2.2.5) lib/phusion_passenger/abstract_server.rb:163:in `start'
  passenger (2.2.5) lib/phusion_passenger/railz/application_spawner.rb:213:in `start'
  passenger (2.2.5) lib/phusion_passenger/spawn_manager.rb:262:in `spawn_rails_application'
  passenger (2.2.5) lib/phusion_passenger/abstract_server_collection.rb:126:in `lookup_or_add'
  passenger (2.2.5) lib/phusion_passenger/spawn_manager.rb:256:in `spawn_rails_application'
  passenger (2.2.5) lib/phusion_passenger/abstract_server_collection.rb:80:in `synchronize'
  passenger (2.2.5) lib/phusion_passenger/abstract_server_collection.rb:79:in `synchronize'
  passenger (2.2.5) lib/phusion_passenger/spawn_manager.rb:255:in `spawn_rails_application'
  passenger (2.2.5) lib/phusion_passenger/spawn_manager.rb:154:in `spawn_application'
  passenger (2.2.5) lib/phusion_passenger/spawn_manager.rb:287:in `handle_spawn_application'
  passenger (2.2.5) lib/phusion_passenger/abstract_server.rb:352:in `__send__'
  passenger (2.2.5) lib/phusion_passenger/abstract_server.rb:352:in `main_loop'
  passenger (2.2.5) lib/phusion_passenger/abstract_server.rb:196:in `start_synchronously'


ActionController::RoutingError (No route matches "/pictures" with {:method=>:get}):
  passenger (2.2.5) lib/phusion_passenger/rack/request_handler.rb:95:in `process_request'
  passenger (2.2.5) lib/phusion_passenger/abstract_request_handler.rb:207:in `main_loop'
  passenger (2.2.5) lib/phusion_passenger/railz/application_spawner.rb:378:in `start_request_handler'
  passenger (2.2.5) lib/phusion_passenger/railz/application_spawner.rb:336:in `handle_spawn_application'
  passenger (2.2.5) lib/phusion_passenger/utils.rb:183:in `safe_fork'
  passenger (2.2.5) lib/phusion_passenger/railz/application_spawner.rb:334:in `handle_spawn_application'
  passenger (2.2.5) lib/phusion_passenger/abstract_server.rb:352:in `__send__'
  passenger (2.2.5) lib/phusion_passenger/abstract_server.rb:352:in `main_loop'
  passenger (2.2.5) lib/phusion_passenger/abstract_server.rb:196:in `start_synchronously'
  passenger (2.2.5) lib/phusion_passenger/abstract_server.rb:163:in `start'
  passenger (2.2.5) lib/phusion_passenger/railz/application_spawner.rb:213:in `start'
  passenger (2.2.5) lib/phusion_passenger/spawn_manager.rb:262:in `spawn_rails_application'
  passenger (2.2.5) lib/phusion_passenger/abstract_server_collection.rb:126:in `lookup_or_add'
  passenger (2.2.5) lib/phusion_passenger/spawn_manager.rb:256:in `spawn_rails_application'
  passenger (2.2.5) lib/phusion_passenger/abstract_server_collection.rb:80:in `synchronize'
  passenger (2.2.5) lib/phusion_passenger/abstract_server_collection.rb:79:in `synchronize'
  passenger (2.2.5) lib/phusion_passenger/spawn_manager.rb:255:in `spawn_rails_application'
  passenger (2.2.5) lib/phusion_passenger/spawn_manager.rb:154:in `spawn_application'
  passenger (2.2.5) lib/phusion_passenger/spawn_manager.rb:287:in `handle_spawn_application'
  passenger (2.2.5) lib/phusion_passenger/abstract_server.rb:352:in `__send__'
  passenger (2.2.5) lib/phusion_passenger/abstract_server.rb:352:in `main_loop'
  passenger (2.2.5) lib/phusion_passenger/abstract_server.rb:196:in `start_synchronously'


ActionController::RoutingError (No route matches "/pictures" with {:method=>:get}):
  passenger (2.2.5) lib/phusion_passenger/rack/request_handler.rb:95:in `process_request'
  passenger (2.2.5) lib/phusion_passenger/abstract_request_handler.rb:207:in `main_loop'
  passenger (2.2.5) lib/phusion_passenger/railz/application_spawner.rb:378:in `start_request_handler'
  passenger (2.2.5) lib/phusion_passenger/railz/application_spawner.rb:336:in `handle_spawn_application'
  passenger (2.2.5) lib/phusion_passenger/utils.rb:183:in `safe_fork'
  passenger (2.2.5) lib/phusion_passenger/railz/application_spawner.rb:334:in `handle_spawn_application'
  passenger (2.2.5) lib/phusion_passenger/abstract_server.rb:352:in `__send__'
  passenger (2.2.5) lib/phusion_passenger/abstract_server.rb:352:in `main_loop'
  passenger (2.2.5) lib/phusion_passenger/abstract_server.rb:196:in `start_synchronously'
  passenger (2.2.5) lib/phusion_passenger/abstract_server.rb:163:in `start'
  passenger (2.2.5) lib/phusion_passenger/railz/application_spawner.rb:213:in `start'
  passenger (2.2.5) lib/phusion_passenger/spawn_manager.rb:262:in `spawn_rails_application'
  passenger (2.2.5) lib/phusion_passenger/abstract_server_collection.rb:126:in `lookup_or_add'
  passenger (2.2.5) lib/phusion_passenger/spawn_manager.rb:256:in `spawn_rails_application'
  passenger (2.2.5) lib/phusion_passenger/abstract_server_collection.rb:80:in `synchronize'
  passenger (2.2.5) lib/phusion_passenger/abstract_server_collection.rb:79:in `synchronize'
  passenger (2.2.5) lib/phusion_passenger/spawn_manager.rb:255:in `spawn_rails_application'
  passenger (2.2.5) lib/phusion_passenger/spawn_manager.rb:154:in `spawn_application'
  passenger (2.2.5) lib/phusion_passenger/spawn_manager.rb:287:in `handle_spawn_application'
  passenger (2.2.5) lib/phusion_passenger/abstract_server.rb:352:in `__send__'
  passenger (2.2.5) lib/phusion_passenger/abstract_server.rb:352:in `main_loop'
  passenger (2.2.5) lib/phusion_passenger/abstract_server.rb:196:in `start_synchronously'


ActionController::RoutingError (No route matches "/pictures" with {:method=>:get}):
  passenger (2.2.5) lib/phusion_passenger/rack/request_handler.rb:95:in `process_request'
  passenger (2.2.5) lib/phusion_passenger/abstract_request_handler.rb:207:in `main_loop'
  passenger (2.2.5) lib/phusion_passenger/railz/application_spawner.rb:378:in `start_request_handler'
  passenger (2.2.5) lib/phusion_passenger/railz/application_spawner.rb:336:in `handle_spawn_application'
  passenger (2.2.5) lib/phusion_passenger/utils.rb:183:in `safe_fork'
  passenger (2.2.5) lib/phusion_passenger/railz/application_spawner.rb:334:in `handle_spawn_application'
  passenger (2.2.5) lib/phusion_passenger/abstract_server.rb:352:in `__send__'
  passenger (2.2.5) lib/phusion_passenger/abstract_server.rb:352:in `main_loop'
  passenger (2.2.5) lib/phusion_passenger/abstract_server.rb:196:in `start_synchronously'
  passenger (2.2.5) lib/phusion_passenger/abstract_server.rb:163:in `start'
  passenger (2.2.5) lib/phusion_passenger/railz/application_spawner.rb:213:in `start'
  passenger (2.2.5) lib/phusion_passenger/spawn_manager.rb:262:in `spawn_rails_application'
  passenger (2.2.5) lib/phusion_passenger/abstract_server_collection.rb:126:in `lookup_or_add'
  passenger (2.2.5) lib/phusion_passenger/spawn_manager.rb:256:in `spawn_rails_application'
  passenger (2.2.5) lib/phusion_passenger/abstract_server_collection.rb:80:in `synchronize'
  passenger (2.2.5) lib/phusion_passenger/abstract_server_collection.rb:79:in `synchronize'
  passenger (2.2.5) lib/phusion_passenger/spawn_manager.rb:255:in `spawn_rails_application'
  passenger (2.2.5) lib/phusion_passenger/spawn_manager.rb:154:in `spawn_application'
  passenger (2.2.5) lib/phusion_passenger/spawn_manager.rb:287:in `handle_spawn_application'
  passenger (2.2.5) lib/phusion_passenger/abstract_server.rb:352:in `__send__'
  passenger (2.2.5) lib/phusion_passenger/abstract_server.rb:352:in `main_loop'
  passenger (2.2.5) lib/phusion_passenger/abstract_server.rb:196:in `start_synchronously'

Rendering rescues/layout (not_found)
Rendering rescues/layout (not_found)
Rendering rescues/layout (not_found)

ActionController::RoutingError (No route matches "/pictures" with {:method=>:get}):
  passenger (2.2.5) lib/phusion_passenger/rack/request_handler.rb:95:in `process_request'
  passenger (2.2.5) lib/phusion_passenger/abstract_request_handler.rb:207:in `main_loop'
  passenger (2.2.5) lib/phusion_passenger/railz/application_spawner.rb:378:in `start_request_handler'
  passenger (2.2.5) lib/phusion_passenger/railz/application_spawner.rb:336:in `handle_spawn_application'
  passenger (2.2.5) lib/phusion_passenger/utils.rb:183:in `safe_fork'
  passenger (2.2.5) lib/phusion_passenger/railz/application_spawner.rb:334:in `handle_spawn_application'
  passenger (2.2.5) lib/phusion_passenger/abstract_server.rb:352:in `__send__'
  passenger (2.2.5) lib/phusion_passenger/abstract_server.rb:352:in `main_loop'
  passenger (2.2.5) lib/phusion_passenger/abstract_server.rb:196:in `start_synchronously'
  passenger (2.2.5) lib/phusion_passenger/abstract_server.rb:163:in `start'
  passenger (2.2.5) lib/phusion_passenger/railz/application_spawner.rb:213:in `start'
  passenger (2.2.5) lib/phusion_passenger/spawn_manager.rb:262:in `spawn_rails_application'
  passenger (2.2.5) lib/phusion_passenger/abstract_server_collection.rb:126:in `lookup_or_add'
  passenger (2.2.5) lib/phusion_passenger/spawn_manager.rb:256:in `spawn_rails_application'
  passenger (2.2.5) lib/phusion_passenger/abstract_server_collection.rb:80:in `synchronize'
  passenger (2.2.5) lib/phusion_passenger/abstract_server_collection.rb:79:in `synchronize'
  passenger (2.2.5) lib/phusion_passenger/spawn_manager.rb:255:in `spawn_rails_application'
  passenger (2.2.5) lib/phusion_passenger/spawn_manager.rb:154:in `spawn_application'
  passenger (2.2.5) lib/phusion_passenger/spawn_manager.rb:287:in `handle_spawn_application'
  passenger (2.2.5) lib/phusion_passenger/abstract_server.rb:352:in `__send__'
  passenger (2.2.5) lib/phusion_passenger/abstract_server.rb:352:in `main_loop'
  passenger (2.2.5) lib/phusion_passenger/abstract_server.rb:196:in `start_synchronously'

Rendering rescues/layout (not_found)
Rendering rescues/layout (not_found)


Processing ApplicationController#index (for 127.0.0.1 at 2009-11-21 13:19:35) [GET]

ActionController::RoutingError (No route matches "/pictures" with {:method=>:get}):
  passenger (2.2.5) lib/phusion_passenger/rack/request_handler.rb:95:in `process_request'
  passenger (2.2.5) lib/phusion_passenger/abstract_request_handler.rb:207:in `main_loop'
  passenger (2.2.5) lib/phusion_passenger/railz/application_spawner.rb:378:in `start_request_handler'
  passenger (2.2.5) lib/phusion_passenger/railz/application_spawner.rb:336:in `handle_spawn_application'
  passenger (2.2.5) lib/phusion_passenger/utils.rb:183:in `safe_fork'
  passenger (2.2.5) lib/phusion_passenger/railz/application_spawner.rb:334:in `handle_spawn_application'
  passenger (2.2.5) lib/phusion_passenger/abstract_server.rb:352:in `__send__'
  passenger (2.2.5) lib/phusion_passenger/abstract_server.rb:352:in `main_loop'
  passenger (2.2.5) lib/phusion_passenger/abstract_server.rb:196:in `start_synchronously'
  passenger (2.2.5) lib/phusion_passenger/abstract_server.rb:163:in `start'
  passenger (2.2.5) lib/phusion_passenger/railz/application_spawner.rb:213:in `start'
  passenger (2.2.5) lib/phusion_passenger/spawn_manager.rb:262:in `spawn_rails_application'
  passenger (2.2.5) lib/phusion_passenger/abstract_server_collection.rb:126:in `lookup_or_add'
  passenger (2.2.5) lib/phusion_passenger/spawn_manager.rb:256:in `spawn_rails_application'
  passenger (2.2.5) lib/phusion_passenger/abstract_server_collection.rb:80:in `synchronize'
  passenger (2.2.5) lib/phusion_passenger/abstract_server_collection.rb:79:in `synchronize'
  passenger (2.2.5) lib/phusion_passenger/spawn_manager.rb:255:in `spawn_rails_application'
  passenger (2.2.5) lib/phusion_passenger/spawn_manager.rb:154:in `spawn_application'
  passenger (2.2.5) lib/phusion_passenger/spawn_manager.rb:287:in `handle_spawn_application'
  passenger (2.2.5) lib/phusion_passenger/abstract_server.rb:352:in `__send__'
  passenger (2.2.5) lib/phusion_passenger/abstract_server.rb:352:in `main_loop'
  passenger (2.2.5) lib/phusion_passenger/abstract_server.rb:196:in `start_synchronously'

Rendering rescues/layout (not_found)


Processing PicturesController#index (for 127.0.0.1 at 2009-11-21 13:22:54) [GET]
Completed in 2ms (View: 1, DB: 0) | 200 OK [http://boxofturks.local/pictures]


Processing PicturesController#index (for 127.0.0.1 at 2009-11-21 13:28:13) [GET]
Completed in 2ms (View: 1, DB: 0) | 200 OK [http://boxofturks.local/pictures]


Processing PicturesController#index (for 127.0.0.1 at 2009-11-21 16:39:10) [GET]


Processing PicturesController#index (for 127.0.0.1 at 2009-11-21 16:39:10) [GET]


Processing PicturesController#index (for 127.0.0.1 at 2009-11-21 16:39:10) [GET]
Completed in 2ms (View: 1, DB: 0) | 200 OK [http://boxofturks.local/pictures]
Completed in 2ms (View: 1, DB: 0) | 200 OK [http://boxofturks.local/pictures]
Completed in 6ms (View: 1, DB: 0) | 200 OK [http://boxofturks.local/pictures]


Processing PicturesController#index (for 127.0.0.1 at 2009-11-21 16:39:10) [GET]
Completed in 4ms (View: 1, DB: 0) | 200 OK [http://boxofturks.local/pictures]


Processing PicturesController#create (for 127.0.0.1 at 2009-11-21 16:41:56) [POST]
  Parameters: {"bish"=>"bosh"}

ActionController::InvalidAuthenticityToken (ActionController::InvalidAuthenticityToken):
  passenger (2.2.5) lib/phusion_passenger/rack/request_handler.rb:95:in `process_request'
  passenger (2.2.5) lib/phusion_passenger/abstract_request_handler.rb:207:in `main_loop'
  passenger (2.2.5) lib/phusion_passenger/railz/application_spawner.rb:378:in `start_request_handler'
  passenger (2.2.5) lib/phusion_passenger/railz/application_spawner.rb:336:in `handle_spawn_application'
  passenger (2.2.5) lib/phusion_passenger/utils.rb:183:in `safe_fork'
  passenger (2.2.5) lib/phusion_passenger/railz/application_spawner.rb:334:in `handle_spawn_application'
  passenger (2.2.5) lib/phusion_passenger/abstract_server.rb:352:in `__send__'
  passenger (2.2.5) lib/phusion_passenger/abstract_server.rb:352:in `main_loop'
  passenger (2.2.5) lib/phusion_passenger/abstract_server.rb:196:in `start_synchronously'
  passenger (2.2.5) lib/phusion_passenger/abstract_server.rb:163:in `start'
  passenger (2.2.5) lib/phusion_passenger/railz/application_spawner.rb:213:in `start'
  passenger (2.2.5) lib/phusion_passenger/spawn_manager.rb:262:in `spawn_rails_application'
  passenger (2.2.5) lib/phusion_passenger/abstract_server_collection.rb:126:in `lookup_or_add'
  passenger (2.2.5) lib/phusion_passenger/spawn_manager.rb:256:in `spawn_rails_application'
  passenger (2.2.5) lib/phusion_passenger/abstract_server_collection.rb:80:in `synchronize'
  passenger (2.2.5) lib/phusion_passenger/abstract_server_collection.rb:79:in `synchronize'
  passenger (2.2.5) lib/phusion_passenger/spawn_manager.rb:255:in `spawn_rails_application'
  passenger (2.2.5) lib/phusion_passenger/spawn_manager.rb:154:in `spawn_application'
  passenger (2.2.5) lib/phusion_passenger/spawn_manager.rb:287:in `handle_spawn_application'
  passenger (2.2.5) lib/phusion_passenger/abstract_server.rb:352:in `__send__'
  passenger (2.2.5) lib/phusion_passenger/abstract_server.rb:352:in `main_loop'
  passenger (2.2.5) lib/phusion_passenger/abstract_server.rb:196:in `start_synchronously'

Rendered rescues/_trace (65.5ms)
Rendered rescues/_request_and_response (24.4ms)
Rendering rescues/layout (unprocessable_entity)


Processing PicturesController#index (for 127.0.0.1 at 2009-11-21 16:42:11) [GET]
Completed in 2ms (View: 0, DB: 0) | 200 OK [http://boxofturks.local/pictures]


Processing PicturesController#create (for 127.0.0.1 at 2009-11-21 16:42:42) [POST]
  Parameters: {"bish"=>"bosh"}

ActionController::InvalidAuthenticityToken (ActionController::InvalidAuthenticityToken):
  passenger (2.2.5) lib/phusion_passenger/rack/request_handler.rb:95:in `process_request'
  passenger (2.2.5) lib/phusion_passenger/abstract_request_handler.rb:207:in `main_loop'
  passenger (2.2.5) lib/phusion_passenger/railz/application_spawner.rb:378:in `start_request_handler'
  passenger (2.2.5) lib/phusion_passenger/railz/application_spawner.rb:336:in `handle_spawn_application'
  passenger (2.2.5) lib/phusion_passenger/utils.rb:183:in `safe_fork'
  passenger (2.2.5) lib/phusion_passenger/railz/application_spawner.rb:334:in `handle_spawn_application'
  passenger (2.2.5) lib/phusion_passenger/abstract_server.rb:352:in `__send__'
  passenger (2.2.5) lib/phusion_passenger/abstract_server.rb:352:in `main_loop'
  passenger (2.2.5) lib/phusion_passenger/abstract_server.rb:196:in `start_synchronously'
  passenger (2.2.5) lib/phusion_passenger/abstract_server.rb:163:in `start'
  passenger (2.2.5) lib/phusion_passenger/railz/application_spawner.rb:213:in `start'
  passenger (2.2.5) lib/phusion_passenger/spawn_manager.rb:262:in `spawn_rails_application'
  passenger (2.2.5) lib/phusion_passenger/abstract_server_collection.rb:126:in `lookup_or_add'
  passenger (2.2.5) lib/phusion_passenger/spawn_manager.rb:256:in `spawn_rails_application'
  passenger (2.2.5) lib/phusion_passenger/abstract_server_collection.rb:80:in `synchronize'
  passenger (2.2.5) lib/phusion_passenger/abstract_server_collection.rb:79:in `synchronize'
  passenger (2.2.5) lib/phusion_passenger/spawn_manager.rb:255:in `spawn_rails_application'
  passenger (2.2.5) lib/phusion_passenger/spawn_manager.rb:154:in `spawn_application'
  passenger (2.2.5) lib/phusion_passenger/spawn_manager.rb:287:in `handle_spawn_application'
  passenger (2.2.5) lib/phusion_passenger/abstract_server.rb:352:in `__send__'
  passenger (2.2.5) lib/phusion_passenger/abstract_server.rb:352:in `main_loop'
  passenger (2.2.5) lib/phusion_passenger/abstract_server.rb:196:in `start_synchronously'

Rendered rescues/_trace (83.8ms)
Rendered rescues/_request_and_response (0.3ms)
Rendering rescues/layout (unprocessable_entity)


Processing PicturesController#show (for 127.0.0.1 at 2009-11-21 16:45:35) [GET]
  Parameters: {"id"=>"create"}

ActionController::UnknownAction (No action responded to show. Actions: create and index):
  passenger (2.2.5) lib/phusion_passenger/rack/request_handler.rb:95:in `process_request'
  passenger (2.2.5) lib/phusion_passenger/abstract_request_handler.rb:207:in `main_loop'
  passenger (2.2.5) lib/phusion_passenger/railz/application_spawner.rb:378:in `start_request_handler'
  passenger (2.2.5) lib/phusion_passenger/railz/application_spawner.rb:336:in `handle_spawn_application'
  passenger (2.2.5) lib/phusion_passenger/utils.rb:183:in `safe_fork'
  passenger (2.2.5) lib/phusion_passenger/railz/application_spawner.rb:334:in `handle_spawn_application'
  passenger (2.2.5) lib/phusion_passenger/abstract_server.rb:352:in `__send__'
  passenger (2.2.5) lib/phusion_passenger/abstract_server.rb:352:in `main_loop'
  passenger (2.2.5) lib/phusion_passenger/abstract_server.rb:196:in `start_synchronously'
  passenger (2.2.5) lib/phusion_passenger/abstract_server.rb:163:in `start'
  passenger (2.2.5) lib/phusion_passenger/railz/application_spawner.rb:213:in `start'
  passenger (2.2.5) lib/phusion_passenger/spawn_manager.rb:262:in `spawn_rails_application'
  passenger (2.2.5) lib/phusion_passenger/abstract_server_collection.rb:126:in `lookup_or_add'
  passenger (2.2.5) lib/phusion_passenger/spawn_manager.rb:256:in `spawn_rails_application'
  passenger (2.2.5) lib/phusion_passenger/abstract_server_collection.rb:80:in `synchronize'
  passenger (2.2.5) lib/phusion_passenger/abstract_server_collection.rb:79:in `synchronize'
  passenger (2.2.5) lib/phusion_passenger/spawn_manager.rb:255:in `spawn_rails_application'
  passenger (2.2.5) lib/phusion_passenger/spawn_manager.rb:154:in `spawn_application'
  passenger (2.2.5) lib/phusion_passenger/spawn_manager.rb:287:in `handle_spawn_application'
  passenger (2.2.5) lib/phusion_passenger/abstract_server.rb:352:in `__send__'
  passenger (2.2.5) lib/phusion_passenger/abstract_server.rb:352:in `main_loop'
  passenger (2.2.5) lib/phusion_passenger/abstract_server.rb:196:in `start_synchronously'

Rendering rescues/layout (not_found)


Processing PicturesController#index (for 127.0.0.1 at 2009-11-21 16:45:42) [GET]
Completed in 3ms (View: 1, DB: 0) | 200 OK [http://boxofturks.local/pictures]


Processing PicturesController#create (for 127.0.0.1 at 2009-11-21 16:49:32) [POST]
  Parameters: {"bish"=>"bosh"}

ActionController::InvalidAuthenticityToken (ActionController::InvalidAuthenticityToken):
  passenger (2.2.5) lib/phusion_passenger/rack/request_handler.rb:95:in `process_request'
  passenger (2.2.5) lib/phusion_passenger/abstract_request_handler.rb:207:in `main_loop'
  passenger (2.2.5) lib/phusion_passenger/railz/application_spawner.rb:378:in `start_request_handler'
  passenger (2.2.5) lib/phusion_passenger/railz/application_spawner.rb:336:in `handle_spawn_application'
  passenger (2.2.5) lib/phusion_passenger/utils.rb:183:in `safe_fork'
  passenger (2.2.5) lib/phusion_passenger/railz/application_spawner.rb:334:in `handle_spawn_application'
  passenger (2.2.5) lib/phusion_passenger/abstract_server.rb:352:in `__send__'
  passenger (2.2.5) lib/phusion_passenger/abstract_server.rb:352:in `main_loop'
  passenger (2.2.5) lib/phusion_passenger/abstract_server.rb:196:in `start_synchronously'
  passenger (2.2.5) lib/phusion_passenger/abstract_server.rb:163:in `start'
  passenger (2.2.5) lib/phusion_passenger/railz/application_spawner.rb:213:in `start'
  passenger (2.2.5) lib/phusion_passenger/spawn_manager.rb:262:in `spawn_rails_application'
  passenger (2.2.5) lib/phusion_passenger/abstract_server_collection.rb:126:in `lookup_or_add'
  passenger (2.2.5) lib/phusion_passenger/spawn_manager.rb:256:in `spawn_rails_application'
  passenger (2.2.5) lib/phusion_passenger/abstract_server_collection.rb:80:in `synchronize'
  passenger (2.2.5) lib/phusion_passenger/abstract_server_collection.rb:79:in `synchronize'
  passenger (2.2.5) lib/phusion_passenger/spawn_manager.rb:255:in `spawn_rails_application'
  passenger (2.2.5) lib/phusion_passenger/spawn_manager.rb:154:in `spawn_application'
  passenger (2.2.5) lib/phusion_passenger/spawn_manager.rb:287:in `handle_spawn_application'
  passenger (2.2.5) lib/phusion_passenger/abstract_server.rb:352:in `__send__'
  passenger (2.2.5) lib/phusion_passenger/abstract_server.rb:352:in `main_loop'
  passenger (2.2.5) lib/phusion_passenger/abstract_server.rb:196:in `start_synchronously'

Rendered rescues/_trace (155.0ms)
Rendered rescues/_request_and_response (0.3ms)
Rendering rescues/layout (unprocessable_entity)


Processing PicturesController#new (for 127.0.0.1 at 2009-11-21 16:51:16) [GET]
Rendering pictures/new

ActionView::TemplateError (Could not find table 'pictures') on line #1 of app/views/pictures/new.html.erb:
1: <% form_for Picture.new do |f| %>
2:   <%= f.text_field :ping %>
3:   <%= f.submit %>
4: <% end %>

    app/views/pictures/new.html.erb:1:in `new'
    app/views/pictures/new.html.erb:1
    passenger (2.2.5) lib/phusion_passenger/rack/request_handler.rb:95:in `process_request'
    passenger (2.2.5) lib/phusion_passenger/abstract_request_handler.rb:207:in `main_loop'
    passenger (2.2.5) lib/phusion_passenger/railz/application_spawner.rb:378:in `start_request_handler'
    passenger (2.2.5) lib/phusion_passenger/railz/application_spawner.rb:336:in `handle_spawn_application'
    passenger (2.2.5) lib/phusion_passenger/utils.rb:183:in `safe_fork'
    passenger (2.2.5) lib/phusion_passenger/railz/application_spawner.rb:334:in `handle_spawn_application'
    passenger (2.2.5) lib/phusion_passenger/abstract_server.rb:352:in `__send__'
    passenger (2.2.5) lib/phusion_passenger/abstract_server.rb:352:in `main_loop'
    passenger (2.2.5) lib/phusion_passenger/abstract_server.rb:196:in `start_synchronously'
    passenger (2.2.5) lib/phusion_passenger/abstract_server.rb:163:in `start'
    passenger (2.2.5) lib/phusion_passenger/railz/application_spawner.rb:213:in `start'
    passenger (2.2.5) lib/phusion_passenger/spawn_manager.rb:262:in `spawn_rails_application'
    passenger (2.2.5) lib/phusion_passenger/abstract_server_collection.rb:126:in `lookup_or_add'
    passenger (2.2.5) lib/phusion_passenger/spawn_manager.rb:256:in `spawn_rails_application'
    passenger (2.2.5) lib/phusion_passenger/abstract_server_collection.rb:80:in `synchronize'
    passenger (2.2.5) lib/phusion_passenger/abstract_server_collection.rb:79:in `synchronize'
    passenger (2.2.5) lib/phusion_passenger/spawn_manager.rb:255:in `spawn_rails_application'
    passenger (2.2.5) lib/phusion_passenger/spawn_manager.rb:154:in `spawn_application'
    passenger (2.2.5) lib/phusion_passenger/spawn_manager.rb:287:in `handle_spawn_application'
    passenger (2.2.5) lib/phusion_passenger/abstract_server.rb:352:in `__send__'
    passenger (2.2.5) lib/phusion_passenger/abstract_server.rb:352:in `main_loop'
    passenger (2.2.5) lib/phusion_passenger/abstract_server.rb:196:in `start_synchronously'

Rendered rescues/_trace (41.4ms)
Rendered rescues/_request_and_response (0.3ms)
Rendering rescues/layout (internal_server_error)
  [4;36;1mSQL (0.2ms)[0m   [0;1m SELECT name
 FROM sqlite_master
 WHERE type = 'table' AND NOT name = 'sqlite_sequence'
[0m
  [4;35;1mSQL (0.1ms)[0m   [0mselect sqlite_version(*)[0m
  [4;36;1mSQL (2.5ms)[0m   [0;1mCREATE TABLE "schema_migrations" ("version" varchar(255) NOT NULL) [0m
  [4;35;1mSQL (2.6ms)[0m   [0mCREATE UNIQUE INDEX "unique_schema_migrations" ON "schema_migrations" ("version")[0m
  [4;36;1mSQL (0.3ms)[0m   [0;1m SELECT name
 FROM sqlite_master
 WHERE type = 'table' AND NOT name = 'sqlite_sequence'
[0m
  [4;35;1mSQL (0.1ms)[0m   [0mSELECT version FROM schema_migrations[0m
Migrating to CreatePictures (20091121132010)
  [4;36;1mSQL (0.5ms)[0m   [0;1mCREATE TABLE "pictures" ("id" INTEGER PRIMARY KEY AUTOINCREMENT NOT NULL, "created_at" datetime, "updated_at" datetime) [0m
  [4;35;1mSQL (0.1ms)[0m   [0mINSERT INTO schema_migrations (version) VALUES ('20091121132010')[0m
  [4;36;1mSQL (0.3ms)[0m   [0;1m SELECT name
 FROM sqlite_master
 WHERE type = 'table' AND NOT name = 'sqlite_sequence'
[0m
  [4;35;1mSQL (0.6ms)[0m   [0mSELECT version FROM schema_migrations[0m
  [4;36;1mSQL (0.2ms)[0m   [0;1m SELECT name
 FROM sqlite_master
 WHERE type = 'table' AND NOT name = 'sqlite_sequence'
[0m
  [4;35;1mSQL (0.0ms)[0m   [0mPRAGMA index_list("pictures")[0m


Processing PicturesController#new (for 127.0.0.1 at 2009-11-21 16:52:00) [GET]
Rendering pictures/new

ActionView::TemplateError (undefined method `ping' for #<Picture id: nil, created_at: nil, updated_at: nil>) on line #2 of app/views/pictures/new.html.erb:
1: <% form_for Picture.new do |f| %>
2:   <%= f.text_field :ping %>
3:   <%= f.submit %>
4: <% end %>

    app/views/pictures/new.html.erb:2
    app/views/pictures/new.html.erb:1
    passenger (2.2.5) lib/phusion_passenger/rack/request_handler.rb:95:in `process_request'
    passenger (2.2.5) lib/phusion_passenger/abstract_request_handler.rb:207:in `main_loop'
    passenger (2.2.5) lib/phusion_passenger/railz/application_spawner.rb:378:in `start_request_handler'
    passenger (2.2.5) lib/phusion_passenger/railz/application_spawner.rb:336:in `handle_spawn_application'
    passenger (2.2.5) lib/phusion_passenger/utils.rb:183:in `safe_fork'
    passenger (2.2.5) lib/phusion_passenger/railz/application_spawner.rb:334:in `handle_spawn_application'
    passenger (2.2.5) lib/phusion_passenger/abstract_server.rb:352:in `__send__'
    passenger (2.2.5) lib/phusion_passenger/abstract_server.rb:352:in `main_loop'
    passenger (2.2.5) lib/phusion_passenger/abstract_server.rb:196:in `start_synchronously'
    passenger (2.2.5) lib/phusion_passenger/abstract_server.rb:163:in `start'
    passenger (2.2.5) lib/phusion_passenger/railz/application_spawner.rb:213:in `start'
    passenger (2.2.5) lib/phusion_passenger/spawn_manager.rb:262:in `spawn_rails_application'
    passenger (2.2.5) lib/phusion_passenger/abstract_server_collection.rb:126:in `lookup_or_add'
    passenger (2.2.5) lib/phusion_passenger/spawn_manager.rb:256:in `spawn_rails_application'
    passenger (2.2.5) lib/phusion_passenger/abstract_server_collection.rb:80:in `synchronize'
    passenger (2.2.5) lib/phusion_passenger/abstract_server_collection.rb:79:in `synchronize'
    passenger (2.2.5) lib/phusion_passenger/spawn_manager.rb:255:in `spawn_rails_application'
    passenger (2.2.5) lib/phusion_passenger/spawn_manager.rb:154:in `spawn_application'
    passenger (2.2.5) lib/phusion_passenger/spawn_manager.rb:287:in `handle_spawn_application'
    passenger (2.2.5) lib/phusion_passenger/abstract_server.rb:352:in `__send__'
    passenger (2.2.5) lib/phusion_passenger/abstract_server.rb:352:in `main_loop'
    passenger (2.2.5) lib/phusion_passenger/abstract_server.rb:196:in `start_synchronously'

Rendered rescues/_trace (113.0ms)
Rendered rescues/_request_and_response (0.3ms)
Rendering rescues/layout (internal_server_error)
  [4;36;1mSQL (0.4ms)[0m   [0;1m SELECT name
 FROM sqlite_master
 WHERE type = 'table' AND NOT name = 'sqlite_sequence'
[0m
  [4;35;1mSQL (0.1ms)[0m   [0mSELECT version FROM schema_migrations[0m
  [4;36;1mSQL (0.1ms)[0m   [0;1m SELECT name
 FROM sqlite_master
 WHERE type = 'table' AND NOT name = 'sqlite_sequence'
[0m
  [4;35;1mSQL (0.1ms)[0m   [0mSELECT version FROM schema_migrations[0m
Migrating to CreatePictures (20091121132010)
  [4;36;1mSQL (0.1ms)[0m   [0;1mselect sqlite_version(*)[0m
  [4;35;1mSQL (0.7ms)[0m   [0mDROP TABLE "pictures"[0m
  [4;36;1mSQL (0.1ms)[0m   [0;1mDELETE FROM schema_migrations WHERE version = '20091121132010'[0m
  [4;35;1mSQL (0.2ms)[0m   [0m SELECT name
 FROM sqlite_master
 WHERE type = 'table' AND NOT name = 'sqlite_sequence'
[0m
  [4;36;1mSQL (0.1ms)[0m   [0;1mSELECT version FROM schema_migrations[0m
  [4;35;1mSQL (0.1ms)[0m   [0m SELECT name
 FROM sqlite_master
 WHERE type = 'table' AND NOT name = 'sqlite_sequence'
[0m
  [4;36;1mSQL (0.1ms)[0m   [0;1m SELECT name
 FROM sqlite_master
 WHERE type = 'table' AND NOT name = 'sqlite_sequence'
[0m
  [4;35;1mSQL (0.1ms)[0m   [0mSELECT version FROM schema_migrations[0m
Migrating to CreatePictures (20091121132010)
  [4;36;1mSQL (0.5ms)[0m   [0;1mCREATE TABLE "pictures" ("id" INTEGER PRIMARY KEY AUTOINCREMENT NOT NULL, "ping" text, "created_at" datetime, "updated_at" datetime) [0m
  [4;35;1mSQL (0.1ms)[0m   [0mINSERT INTO schema_migrations (version) VALUES ('20091121132010')[0m
  [4;36;1mSQL (0.2ms)[0m   [0;1m SELECT name
 FROM sqlite_master
 WHERE type = 'table' AND NOT name = 'sqlite_sequence'
[0m
  [4;35;1mSQL (0.1ms)[0m   [0mSELECT version FROM schema_migrations[0m
  [4;36;1mSQL (0.1ms)[0m   [0;1m SELECT name
 FROM sqlite_master
 WHERE type = 'table' AND NOT name = 'sqlite_sequence'
[0m
  [4;35;1mSQL (0.0ms)[0m   [0mPRAGMA index_list("pictures")[0m


Processing PicturesController#new (for 127.0.0.1 at 2009-11-21 16:52:32) [GET]
Rendering pictures/new
Completed in 7ms (View: 6, DB: 0) | 200 OK [http://boxofturks.local/pictures/new]


Processing PicturesController#create (for 127.0.0.1 at 2009-11-21 16:52:34) [POST]
  Parameters: {"commit"=>"Save changes", "authenticity_token"=>"x++gFbj8i6nPPSr2pUdbdA4Z/6L6vTEKwcae/eUDSXk=", "picture"=>{"ping"=>""}}
Completed in 2ms (View: 1, DB: 0) | 200 OK [http://boxofturks.local/pictures]


Processing PicturesController#create (for 127.0.0.1 at 2009-11-21 16:55:58) [POST]
  Parameters: {"bish"=>"bosh"}

ActionController::InvalidAuthenticityToken (ActionController::InvalidAuthenticityToken):
  passenger (2.2.5) lib/phusion_passenger/rack/request_handler.rb:95:in `process_request'
  passenger (2.2.5) lib/phusion_passenger/abstract_request_handler.rb:207:in `main_loop'
  passenger (2.2.5) lib/phusion_passenger/railz/application_spawner.rb:378:in `start_request_handler'
  passenger (2.2.5) lib/phusion_passenger/railz/application_spawner.rb:336:in `handle_spawn_application'
  passenger (2.2.5) lib/phusion_passenger/utils.rb:183:in `safe_fork'
  passenger (2.2.5) lib/phusion_passenger/railz/application_spawner.rb:334:in `handle_spawn_application'
  passenger (2.2.5) lib/phusion_passenger/abstract_server.rb:352:in `__send__'
  passenger (2.2.5) lib/phusion_passenger/abstract_server.rb:352:in `main_loop'
  passenger (2.2.5) lib/phusion_passenger/abstract_server.rb:196:in `start_synchronously'
  passenger (2.2.5) lib/phusion_passenger/abstract_server.rb:163:in `start'
  passenger (2.2.5) lib/phusion_passenger/railz/application_spawner.rb:213:in `start'
  passenger (2.2.5) lib/phusion_passenger/spawn_manager.rb:262:in `spawn_rails_application'
  passenger (2.2.5) lib/phusion_passenger/abstract_server_collection.rb:126:in `lookup_or_add'
  passenger (2.2.5) lib/phusion_passenger/spawn_manager.rb:256:in `spawn_rails_application'
  passenger (2.2.5) lib/phusion_passenger/abstract_server_collection.rb:80:in `synchronize'
  passenger (2.2.5) lib/phusion_passenger/abstract_server_collection.rb:79:in `synchronize'
  passenger (2.2.5) lib/phusion_passenger/spawn_manager.rb:255:in `spawn_rails_application'
  passenger (2.2.5) lib/phusion_passenger/spawn_manager.rb:154:in `spawn_application'
  passenger (2.2.5) lib/phusion_passenger/spawn_manager.rb:287:in `handle_spawn_application'
  passenger (2.2.5) lib/phusion_passenger/abstract_server.rb:352:in `__send__'
  passenger (2.2.5) lib/phusion_passenger/abstract_server.rb:352:in `main_loop'
  passenger (2.2.5) lib/phusion_passenger/abstract_server.rb:196:in `start_synchronously'

Rendered rescues/_trace (31.2ms)
Rendered rescues/_request_and_response (0.3ms)
Rendering rescues/layout (unprocessable_entity)


Processing PicturesController#create (for 127.0.0.1 at 2009-11-21 16:55:58) [POST]
  Parameters: {"bish"=>"bosh"}

ActionController::InvalidAuthenticityToken (ActionController::InvalidAuthenticityToken):
  passenger (2.2.5) lib/phusion_passenger/rack/request_handler.rb:95:in `process_request'
  passenger (2.2.5) lib/phusion_passenger/abstract_request_handler.rb:207:in `main_loop'
  passenger (2.2.5) lib/phusion_passenger/railz/application_spawner.rb:378:in `start_request_handler'
  passenger (2.2.5) lib/phusion_passenger/railz/application_spawner.rb:336:in `handle_spawn_application'
  passenger (2.2.5) lib/phusion_passenger/utils.rb:183:in `safe_fork'
  passenger (2.2.5) lib/phusion_passenger/railz/application_spawner.rb:334:in `handle_spawn_application'
  passenger (2.2.5) lib/phusion_passenger/abstract_server.rb:352:in `__send__'
  passenger (2.2.5) lib/phusion_passenger/abstract_server.rb:352:in `main_loop'
  passenger (2.2.5) lib/phusion_passenger/abstract_server.rb:196:in `start_synchronously'
  passenger (2.2.5) lib/phusion_passenger/abstract_server.rb:163:in `start'
  passenger (2.2.5) lib/phusion_passenger/railz/application_spawner.rb:213:in `start'
  passenger (2.2.5) lib/phusion_passenger/spawn_manager.rb:262:in `spawn_rails_application'
  passenger (2.2.5) lib/phusion_passenger/abstract_server_collection.rb:126:in `lookup_or_add'
  passenger (2.2.5) lib/phusion_passenger/spawn_manager.rb:256:in `spawn_rails_application'
  passenger (2.2.5) lib/phusion_passenger/abstract_server_collection.rb:80:in `synchronize'
  passenger (2.2.5) lib/phusion_passenger/abstract_server_collection.rb:79:in `synchronize'
  passenger (2.2.5) lib/phusion_passenger/spawn_manager.rb:255:in `spawn_rails_application'
  passenger (2.2.5) lib/phusion_passenger/spawn_manager.rb:154:in `spawn_application'
  passenger (2.2.5) lib/phusion_passenger/spawn_manager.rb:287:in `handle_spawn_application'
  passenger (2.2.5) lib/phusion_passenger/abstract_server.rb:352:in `__send__'
  passenger (2.2.5) lib/phusion_passenger/abstract_server.rb:352:in `main_loop'
  passenger (2.2.5) lib/phusion_passenger/abstract_server.rb:196:in `start_synchronously'

Rendered rescues/_trace (99.4ms)
Rendered rescues/_request_and_response (0.3ms)
Rendering rescues/layout (unprocessable_entity)


Processing PicturesController#create (for 127.0.0.1 at 2009-11-21 17:54:52) [POST]
  Parameters: {"bish"=>"bosh"}


Processing PicturesController#create (for 127.0.0.1 at 2009-11-21 17:54:52) [POST]
  Parameters: {"bish"=>"bosh"}


Processing PicturesController#create (for 127.0.0.1 at 2009-11-21 17:54:52) [POST]


Processing PicturesController#create (for 127.0.0.1 at 2009-11-21 17:54:52) [POST]
  Parameters: {"bish"=>"bosh"}
  Parameters: {"bish"=>"bosh"}


Processing PicturesController#create (for 127.0.0.1 at 2009-11-21 17:54:52) [POST]
  Parameters: {"bish"=>"bosh"}


Processing PicturesController#create (for 127.0.0.1 at 2009-11-21 17:54:52) [POST]
  Parameters: {"bish"=>"bosh"}
Completed in 56ms (View: 52, DB: 0) | 200 OK [http://boxofturks.local/pictures]
Completed in 47ms (View: 46, DB: 0) | 200 OK [http://boxofturks.local/pictures]
Completed in 55ms (View: 52, DB: 0) | 200 OK [http://boxofturks.local/pictures]
Completed in 64ms (View: 63, DB: 0) | 200 OK [http://boxofturks.local/pictures]
Completed in 67ms (View: 66, DB: 0) | 200 OK [http://boxofturks.local/pictures]
Completed in 64ms (View: 63, DB: 0) | 200 OK [http://boxofturks.local/pictures]


Processing PicturesController#create (for 127.0.0.1 at 2009-11-21 17:54:52) [POST]
  Parameters: {"bish"=>"bosh"}
Completed in 2ms (View: 1, DB: 0) | 200 OK [http://boxofturks.local/pictures]


Processing PicturesController#create (for 127.0.0.1 at 2009-11-21 17:54:52) [POST]
  Parameters: {"bish"=>"bosh"}
Completed in 2ms (View: 1, DB: 0) | 200 OK [http://boxofturks.local/pictures]


Processing PicturesController#create (for 127.0.0.1 at 2009-11-21 17:54:52) [POST]
  Parameters: {"bish"=>"bosh"}
Completed in 2ms (View: 1, DB: 0) | 200 OK [http://boxofturks.local/pictures]


Processing PicturesController#create (for 127.0.0.1 at 2009-11-21 17:55:16) [POST]
  Parameters: {"bish"=>"bosh"}
Completed in 2ms (View: 1, DB: 0) | 200 OK [http://boxofturks.local/pictures]


Processing PicturesController#new (for 127.0.0.1 at 2009-11-21 17:55:28) [GET]
Rendering pictures/new
Completed in 255ms (View: 251, DB: 0) | 200 OK [http://boxofturks.local/pictures/new]


Processing PicturesController#create (for 127.0.0.1 at 2009-11-21 17:55:29) [POST]
  Parameters: {"commit"=>"Save changes", "picture"=>{"ping"=>""}}
Completed in 2ms (View: 1, DB: 0) | 200 OK [http://boxofturks.local/pictures]


Processing PicturesController#create (for 127.0.0.1 at 2009-11-21 17:58:42) [POST]
  Parameters: {"bish"=>"bosh"}
Completed in 46ms (View: 45, DB: 0) | 200 OK [http://boxofturks.local/pictures]


Processing PicturesController#index (for 127.0.0.1 at 2009-11-21 18:02:13) [GET]
Completed in 2ms (View: 1, DB: 0) | 200 OK [http://boxofturks.local/pictures]


Processing PicturesController#index (for 127.0.0.1 at 2009-11-21 18:03:20) [GET]
Completed in 2ms (View: 1, DB: 0) | 200 OK [http://boxofturks.local/pictures]


Processing PicturesController#index (for 127.0.0.1 at 2009-11-21 18:03:20) [GET]
Completed in 2ms (View: 0, DB: 0) | 200 OK [http://boxofturks.local/pictures]


Processing PicturesController#create (for 127.0.0.1 at 2009-11-21 18:05:54) [POST]
  Parameters: {"bish"=>"bosh"}
Completed in 3ms (View: 1, DB: 0) | 200 OK [http://boxofturks.local/pictures]


Processing PicturesController#create (for 127.0.0.1 at 2009-11-21 18:05:54) [POST]
  Parameters: {"bish"=>"bosh"}
Completed in 3ms (View: 1, DB: 0) | 200 OK [http://boxofturks.local/pictures]


Processing PicturesController#create (for 127.0.0.1 at 2009-11-21 18:07:19) [POST]
  Parameters: {"bish"=>"bosh"}
Completed in 3ms (View: 2, DB: 0) | 200 OK [http://boxofturks.local/pictures]


Processing PicturesController#create (for 127.0.0.1 at 2009-11-21 18:09:53) [POST]
  Parameters: {"bish"=>"bosh"}
Completed in 2ms (View: 1, DB: 0) | 200 OK [http://boxofturks.local/pictures]


Processing PicturesController#create (for 127.0.0.1 at 2009-11-21 18:10:49) [POST]
  Parameters: {"bish"=>"bosh"}
Completed in 2ms (View: 1, DB: 0) | 200 OK [http://boxofturks.local/pictures]


Processing PicturesController#create (for 127.0.0.1 at 2009-11-21 18:13:25) [POST]
  Parameters: {"bish"=>"bosh"}
Completed in 65ms (View: 1, DB: 0) | 200 OK [http://boxofturks.local/pictures]


Processing PicturesController#create (for 127.0.0.1 at 2009-11-21 18:37:38) [POST]
  Parameters: {"bish"=>"bosh", "image"=>"ÿØÿà"}
Completed in 42ms (View: 40, DB: 0) | 200 OK [http://boxofturks.local/pictures]
  [4;36;1mSQL (0.4ms)[0m   [0;1m SELECT name
 FROM sqlite_master
 WHERE type = 'table' AND NOT name = 'sqlite_sequence'
[0m
  [4;35;1mSQL (0.1ms)[0m   [0mSELECT version FROM schema_migrations[0m
  [4;36;1mSQL (0.1ms)[0m   [0;1m SELECT name
 FROM sqlite_master
 WHERE type = 'table' AND NOT name = 'sqlite_sequence'
[0m
  [4;35;1mSQL (0.1ms)[0m   [0mSELECT version FROM schema_migrations[0m
Migrating to CreatePictures (20091121132010)
  [4;36;1mSQL (0.1ms)[0m   [0;1mselect sqlite_version(*)[0m
  [4;35;1mSQL (61.0ms)[0m   [0mDROP TABLE "pictures"[0m
  [4;36;1mSQL (0.2ms)[0m   [0;1mDELETE FROM schema_migrations WHERE version = '20091121132010'[0m
  [4;35;1mSQL (0.2ms)[0m   [0m SELECT name
 FROM sqlite_master
 WHERE type = 'table' AND NOT name = 'sqlite_sequence'
[0m
  [4;36;1mSQL (0.1ms)[0m   [0;1mSELECT version FROM schema_migrations[0m
  [4;35;1mSQL (0.1ms)[0m   [0m SELECT name
 FROM sqlite_master
 WHERE type = 'table' AND NOT name = 'sqlite_sequence'
[0m
  [4;36;1mSQL (0.3ms)[0m   [0;1m SELECT name
 FROM sqlite_master
 WHERE type = 'table' AND NOT name = 'sqlite_sequence'
[0m
  [4;35;1mSQL (0.1ms)[0m   [0mSELECT version FROM schema_migrations[0m
Migrating to CreatePictures (20091121132010)
  [4;36;1mSQL (0.5ms)[0m   [0;1mCREATE TABLE "pictures" ("id" INTEGER PRIMARY KEY AUTOINCREMENT NOT NULL, "pic_file_name" varchar(255), "pic_content_type" varchar(255), "pic_file_size" integer(255), "pic_updated_at" datetime, "created_at" datetime, "updated_at" datetime) [0m
  [4;35;1mSQL (0.1ms)[0m   [0mINSERT INTO schema_migrations (version) VALUES ('20091121132010')[0m
  [4;36;1mSQL (0.2ms)[0m   [0;1m SELECT name
 FROM sqlite_master
 WHERE type = 'table' AND NOT name = 'sqlite_sequence'
[0m
  [4;35;1mSQL (0.1ms)[0m   [0mSELECT version FROM schema_migrations[0m
  [4;36;1mSQL (0.1ms)[0m   [0;1m SELECT name
 FROM sqlite_master
 WHERE type = 'table' AND NOT name = 'sqlite_sequence'
[0m
  [4;35;1mSQL (0.0ms)[0m   [0mPRAGMA index_list("pictures")[0m


Processing PicturesController#new (for 127.0.0.1 at 2009-11-21 18:46:05) [GET]
Rendering pictures/new
  [4;36;1mSQL (0.6ms)[0m   [0;1m SELECT name
 FROM sqlite_master
 WHERE type = 'table' AND NOT name = 'sqlite_sequence'
[0m
  [4;35;1mSQL (0.2ms)[0m   [0m SELECT name
 FROM sqlite_master
 WHERE type = 'table' AND NOT name = 'sqlite_sequence'
[0m

ActionView::TemplateError (undefined method `has_attached_file' for #<Class:0x1047dfe60>) on line #1 of app/views/pictures/new.html.erb:
1: <% form_for Picture.new do |f| %>
2:   <%= f.file_field :pic %>
3:   <%= f.submit %>
4: <% end %>

    app/models/picture.rb:2
    app/views/pictures/new.html.erb:1
    passenger (2.2.5) lib/phusion_passenger/rack/request_handler.rb:95:in `process_request'
    passenger (2.2.5) lib/phusion_passenger/abstract_request_handler.rb:207:in `main_loop'
    passenger (2.2.5) lib/phusion_passenger/railz/application_spawner.rb:378:in `start_request_handler'
    passenger (2.2.5) lib/phusion_passenger/railz/application_spawner.rb:336:in `handle_spawn_application'
    passenger (2.2.5) lib/phusion_passenger/utils.rb:183:in `safe_fork'
    passenger (2.2.5) lib/phusion_passenger/railz/application_spawner.rb:334:in `handle_spawn_application'
    passenger (2.2.5) lib/phusion_passenger/abstract_server.rb:352:in `__send__'
    passenger (2.2.5) lib/phusion_passenger/abstract_server.rb:352:in `main_loop'
    passenger (2.2.5) lib/phusion_passenger/abstract_server.rb:196:in `start_synchronously'
    passenger (2.2.5) lib/phusion_passenger/abstract_server.rb:163:in `start'
    passenger (2.2.5) lib/phusion_passenger/railz/application_spawner.rb:213:in `start'
    passenger (2.2.5) lib/phusion_passenger/spawn_manager.rb:262:in `spawn_rails_application'
    passenger (2.2.5) lib/phusion_passenger/abstract_server_collection.rb:126:in `lookup_or_add'
    passenger (2.2.5) lib/phusion_passenger/spawn_manager.rb:256:in `spawn_rails_application'
    passenger (2.2.5) lib/phusion_passenger/abstract_server_collection.rb:80:in `synchronize'
    passenger (2.2.5) lib/phusion_passenger/abstract_server_collection.rb:79:in `synchronize'
    passenger (2.2.5) lib/phusion_passenger/spawn_manager.rb:255:in `spawn_rails_application'
    passenger (2.2.5) lib/phusion_passenger/spawn_manager.rb:154:in `spawn_application'
    passenger (2.2.5) lib/phusion_passenger/spawn_manager.rb:287:in `handle_spawn_application'
    passenger (2.2.5) lib/phusion_passenger/abstract_server.rb:352:in `__send__'
    passenger (2.2.5) lib/phusion_passenger/abstract_server.rb:352:in `main_loop'
    passenger (2.2.5) lib/phusion_passenger/abstract_server.rb:196:in `start_synchronously'

Rendered rescues/_trace (115.5ms)
Rendered rescues/_request_and_response (1.1ms)
Rendering rescues/layout (internal_server_error)


Processing PicturesController#new (for 127.0.0.1 at 2009-11-21 18:46:55) [GET]
Rendering pictures/new
  [4;36;1mSQL (0.4ms)[0m   [0;1m SELECT name
 FROM sqlite_master
 WHERE type = 'table' AND NOT name = 'sqlite_sequence'
[0m
  [4;35;1mSQL (0.3ms)[0m   [0m SELECT name
 FROM sqlite_master
 WHERE type = 'table' AND NOT name = 'sqlite_sequence'
[0m

ActionView::TemplateError (undefined method `has_attached_file' for #<Class:0x104a3bb00>) on line #1 of app/views/pictures/new.html.erb:
1: <% form_for Picture.new, :html => {:multipart => true} do |f| %>
2:   <%= f.file_field :pic %>
3:   <%= f.submit %>
4: <% end %>

    app/models/picture.rb:2
    app/views/pictures/new.html.erb:1
    passenger (2.2.5) lib/phusion_passenger/rack/request_handler.rb:95:in `process_request'
    passenger (2.2.5) lib/phusion_passenger/abstract_request_handler.rb:207:in `main_loop'
    passenger (2.2.5) lib/phusion_passenger/railz/application_spawner.rb:378:in `start_request_handler'
    passenger (2.2.5) lib/phusion_passenger/railz/application_spawner.rb:336:in `handle_spawn_application'
    passenger (2.2.5) lib/phusion_passenger/utils.rb:183:in `safe_fork'
    passenger (2.2.5) lib/phusion_passenger/railz/application_spawner.rb:334:in `handle_spawn_application'
    passenger (2.2.5) lib/phusion_passenger/abstract_server.rb:352:in `__send__'
    passenger (2.2.5) lib/phusion_passenger/abstract_server.rb:352:in `main_loop'
    passenger (2.2.5) lib/phusion_passenger/abstract_server.rb:196:in `start_synchronously'
    passenger (2.2.5) lib/phusion_passenger/abstract_server.rb:163:in `start'
    passenger (2.2.5) lib/phusion_passenger/railz/application_spawner.rb:213:in `start'
    passenger (2.2.5) lib/phusion_passenger/spawn_manager.rb:262:in `spawn_rails_application'
    passenger (2.2.5) lib/phusion_passenger/abstract_server_collection.rb:126:in `lookup_or_add'
    passenger (2.2.5) lib/phusion_passenger/spawn_manager.rb:256:in `spawn_rails_application'
    passenger (2.2.5) lib/phusion_passenger/abstract_server_collection.rb:80:in `synchronize'
    passenger (2.2.5) lib/phusion_passenger/abstract_server_collection.rb:79:in `synchronize'
    passenger (2.2.5) lib/phusion_passenger/spawn_manager.rb:255:in `spawn_rails_application'
    passenger (2.2.5) lib/phusion_passenger/spawn_manager.rb:154:in `spawn_application'
    passenger (2.2.5) lib/phusion_passenger/spawn_manager.rb:287:in `handle_spawn_application'
    passenger (2.2.5) lib/phusion_passenger/abstract_server.rb:352:in `__send__'
    passenger (2.2.5) lib/phusion_passenger/abstract_server.rb:352:in `main_loop'
    passenger (2.2.5) lib/phusion_passenger/abstract_server.rb:196:in `start_synchronously'

Rendered rescues/_trace (46.4ms)
Rendered rescues/_request_and_response (0.3ms)
Rendering rescues/layout (internal_server_error)


Processing PicturesController#new (for 127.0.0.1 at 2009-11-21 18:47:12) [GET]
Rendering pictures/new
Completed in 86ms (View: 84, DB: 0) | 200 OK [http://boxofturks.local/pictures/new]


Processing PicturesController#create (for 127.0.0.1 at 2009-11-21 18:48:16) [POST]
  Parameters: {"commit"=>"Save changes", "picture"=>{"pic"=>#<File:/tmp/RackMultipart20091121-54512-1b67d5q-0>}}
  [4;36;1mPicture Create (0.5ms)[0m   [0;1mINSERT INTO "pictures" ("pic_content_type", "created_at", "pic_updated_at", "updated_at", "pic_file_size", "pic_file_name") VALUES('image/jpeg', '2009-11-21 18:48:17', '2009-11-21 18:48:16', '2009-11-21 18:48:17', 74079, 'seahorse.jpg')[0m
[paperclip] Saving attachments.
[paperclip] saving /Users/asacalow/Projects/Madlab/BoxOfTurks/WebService/public/system/pics/1/original/seahorse.jpg
Completed in 400ms (View: 1, DB: 1) | 200 OK [http://boxofturks.local/pictures]
  [4;36;1mPicture Load (0.5ms)[0m   [0;1mSELECT * FROM "pictures" LIMIT 1[0m


Processing PicturesController#create (for 127.0.0.1 at 2009-11-21 18:49:50) [POST]
  Parameters: {"pic"=>"ÿØÿà"}
  [4;35;1mPicture Create (0.4ms)[0m   [0mINSERT INTO "pictures" ("pic_content_type", "created_at", "pic_updated_at", "updated_at", "pic_file_size", "pic_file_name") VALUES(NULL, '2009-11-21 18:49:50', NULL, '2009-11-21 18:49:50', NULL, NULL)[0m
[paperclip] Saving attachments.
Completed in 11ms (View: 1, DB: 0) | 200 OK [http://boxofturks.local/pictures]


Processing PicturesController#create (for 127.0.0.1 at 2009-11-21 18:50:39) [POST]
  Parameters: {"pic"=>"ÿØÿà"}
  [4;36;1mPicture Create (0.4ms)[0m   [0;1mINSERT INTO "pictures" ("pic_content_type", "created_at", "pic_updated_at", "updated_at", "pic_file_size", "pic_file_name") VALUES(NULL, '2009-11-21 18:50:39', NULL, '2009-11-21 18:50:39', NULL, NULL)[0m
[paperclip] Saving attachments.
Completed in 11ms (View: 1, DB: 0) | 200 OK [http://boxofturks.local/pictures]


Processing PicturesController#index (for 127.0.0.1 at 2009-11-21 18:51:00) [GET]
Completed in 2ms (View: 1, DB: 0) | 200 OK [http://boxofturks.local/pictures]


Processing PicturesController#create (for 127.0.0.1 at 2009-11-21 18:58:08) [POST]
  Parameters: {"pic"=>"ÿØÿà"}
  [4;36;1mPicture Create (0.6ms)[0m   [0;1mINSERT INTO "pictures" ("pic_content_type", "created_at", "pic_updated_at", "updated_at", "pic_file_size", "pic_file_name") VALUES(NULL, '2009-11-21 18:58:08', NULL, '2009-11-21 18:58:08', NULL, NULL)[0m
[paperclip] Saving attachments.
Completed in 28ms (View: 3, DB: 1) | 200 OK [http://boxofturks.local/pictures]


Processing PicturesController#create (for 127.0.0.1 at 2009-11-21 19:00:24) [POST]
  Parameters: {"pic"=>"ÿØÿà"}
  [4;35;1mPicture Create (0.4ms)[0m   [0mINSERT INTO "pictures" ("pic_content_type", "created_at", "pic_updated_at", "updated_at", "pic_file_size", "pic_file_name") VALUES(NULL, '2009-11-21 19:00:24', NULL, '2009-11-21 19:00:24', NULL, NULL)[0m
[paperclip] Saving attachments.
Completed in 12ms (View: 1, DB: 0) | 200 OK [http://boxofturks.local/pictures]


Processing PicturesController#create (for 127.0.0.1 at 2009-11-21 19:02:32) [POST]
  Parameters: {"pic"=>"ÿØÿà"}
  [4;36;1mPicture Create (0.4ms)[0m   [0;1mINSERT INTO "pictures" ("pic_content_type", "created_at", "pic_updated_at", "updated_at", "pic_file_size", "pic_file_name") VALUES(NULL, '2009-11-21 19:02:32', NULL, '2009-11-21 19:02:32', NULL, NULL)[0m
[paperclip] Saving attachments.
Completed in 12ms (View: 1, DB: 0) | 200 OK [http://boxofturks.local/pictures]


Processing PicturesController#create (for 127.0.0.1 at 2009-11-21 19:03:04) [POST]
  Parameters: {"pic"=>"ÿØÿà"}
  [4;35;1mPicture Create (0.4ms)[0m   [0mINSERT INTO "pictures" ("pic_content_type", "created_at", "pic_updated_at", "updated_at", "pic_file_size", "pic_file_name") VALUES(NULL, '2009-11-21 19:03:04', NULL, '2009-11-21 19:03:04', NULL, NULL)[0m
[paperclip] Saving attachments.
Completed in 16ms (View: 1, DB: 0) | 200 OK [http://boxofturks.local/pictures]


Processing PicturesController#create (for 127.0.0.1 at 2009-11-21 19:08:24) [POST]
  [4;36;1mPicture Create (0.4ms)[0m   [0;1mINSERT INTO "pictures" ("pic_content_type", "created_at", "pic_updated_at", "updated_at", "pic_file_size", "pic_file_name") VALUES(NULL, '2009-11-21 19:08:25', NULL, '2009-11-21 19:08:25', NULL, NULL)[0m
[paperclip] Saving attachments.
Completed in 301ms (View: 37, DB: 0) | 200 OK [http://boxofturks.local/pictures]
/!\ FAILSAFE /!\  Sat Nov 21 19:12:30 +0000 2009
  Status: 500 Internal Server Error
  bad content body
    /Library/Ruby/Gems/1.8/gems/passenger-2.2.5/vendor/rack-1.0.0-git/lib/rack/utils.rb:370:in `parse_multipart'
    /Library/Ruby/Gems/1.8/gems/passenger-2.2.5/vendor/rack-1.0.0-git/lib/rack/request.rb:135:in `POST'
    /Library/Ruby/Gems/1.8/gems/passenger-2.2.5/vendor/rack-1.0.0-git/lib/rack/methodoverride.rb:15:in `call'
    /Library/Ruby/Gems/1.8/gems/actionpack-2.3.4/lib/action_controller/params_parser.rb:15:in `call'
    /Library/Ruby/Gems/1.8/gems/actionpack-2.3.4/lib/action_controller/session/cookie_store.rb:93:in `call'
    /Library/Ruby/Gems/1.8/gems/actionpack-2.3.4/lib/action_controller/failsafe.rb:26:in `call'
    /Library/Ruby/Gems/1.8/gems/passenger-2.2.5/vendor/rack-1.0.0-git/lib/rack/lock.rb:11:in `call'
    /Library/Ruby/Gems/1.8/gems/passenger-2.2.5/vendor/rack-1.0.0-git/lib/rack/lock.rb:11:in `synchronize'
    /Library/Ruby/Gems/1.8/gems/passenger-2.2.5/vendor/rack-1.0.0-git/lib/rack/lock.rb:11:in `call'
    /Library/Ruby/Gems/1.8/gems/actionpack-2.3.4/lib/action_controller/dispatcher.rb:114:in `call'
    /Library/Ruby/Gems/1.8/gems/actionpack-2.3.4/lib/action_controller/reloader.rb:34:in `run'
    /Library/Ruby/Gems/1.8/gems/actionpack-2.3.4/lib/action_controller/dispatcher.rb:108:in `call'
    /Library/Ruby/Gems/1.8/gems/passenger-2.2.5/lib/phusion_passenger/rack/request_handler.rb:95:in `process_request'
    /Library/Ruby/Gems/1.8/gems/passenger-2.2.5/lib/phusion_passenger/abstract_request_handler.rb:207:in `main_loop'
    /Library/Ruby/Gems/1.8/gems/passenger-2.2.5/lib/phusion_passenger/railz/application_spawner.rb:378:in `start_request_handler'
    /Library/Ruby/Gems/1.8/gems/passenger-2.2.5/lib/phusion_passenger/railz/application_spawner.rb:336:in `handle_spawn_application'
    /Library/Ruby/Gems/1.8/gems/passenger-2.2.5/lib/phusion_passenger/utils.rb:183:in `safe_fork'
    /Library/Ruby/Gems/1.8/gems/passenger-2.2.5/lib/phusion_passenger/railz/application_spawner.rb:334:in `handle_spawn_application'
    /Library/Ruby/Gems/1.8/gems/passenger-2.2.5/lib/phusion_passenger/abstract_server.rb:352:in `__send__'
    /Library/Ruby/Gems/1.8/gems/passenger-2.2.5/lib/phusion_passenger/abstract_server.rb:352:in `main_loop'
    /Library/Ruby/Gems/1.8/gems/passenger-2.2.5/lib/phusion_passenger/abstract_server.rb:196:in `start_synchronously'
    /Library/Ruby/Gems/1.8/gems/passenger-2.2.5/lib/phusion_passenger/abstract_server.rb:163:in `start'
    /Library/Ruby/Gems/1.8/gems/passenger-2.2.5/lib/phusion_passenger/railz/application_spawner.rb:213:in `start'
    /Library/Ruby/Gems/1.8/gems/passenger-2.2.5/lib/phusion_passenger/spawn_manager.rb:262:in `spawn_rails_application'
    /Library/Ruby/Gems/1.8/gems/passenger-2.2.5/lib/phusion_passenger/abstract_server_collection.rb:126:in `lookup_or_add'
    /Library/Ruby/Gems/1.8/gems/passenger-2.2.5/lib/phusion_passenger/spawn_manager.rb:256:in `spawn_rails_application'
    /Library/Ruby/Gems/1.8/gems/passenger-2.2.5/lib/phusion_passenger/abstract_server_collection.rb:80:in `synchronize'
    /Library/Ruby/Gems/1.8/gems/passenger-2.2.5/lib/phusion_passenger/abstract_server_collection.rb:79:in `synchronize'
    /Library/Ruby/Gems/1.8/gems/passenger-2.2.5/lib/phusion_passenger/spawn_manager.rb:255:in `spawn_rails_application'
    /Library/Ruby/Gems/1.8/gems/passenger-2.2.5/lib/phusion_passenger/spawn_manager.rb:154:in `spawn_application'
    /Library/Ruby/Gems/1.8/gems/passenger-2.2.5/lib/phusion_passenger/spawn_manager.rb:287:in `handle_spawn_application'
    /Library/Ruby/Gems/1.8/gems/passenger-2.2.5/lib/phusion_passenger/abstract_server.rb:352:in `__send__'
    /Library/Ruby/Gems/1.8/gems/passenger-2.2.5/lib/phusion_passenger/abstract_server.rb:352:in `main_loop'
    /Library/Ruby/Gems/1.8/gems/passenger-2.2.5/lib/phusion_passenger/abstract_server.rb:196:in `start_synchronously'
    /Library/Ruby/Gems/1.8/gems/passenger-2.2.5/bin/passenger-spawn-server:61
/!\ FAILSAFE /!\  Sat Nov 21 19:15:09 +0000 2009
  Status: 500 Internal Server Error
  bad content body
    /Library/Ruby/Gems/1.8/gems/passenger-2.2.5/vendor/rack-1.0.0-git/lib/rack/utils.rb:370:in `parse_multipart'
    /Library/Ruby/Gems/1.8/gems/passenger-2.2.5/vendor/rack-1.0.0-git/lib/rack/request.rb:135:in `POST'
    /Library/Ruby/Gems/1.8/gems/passenger-2.2.5/vendor/rack-1.0.0-git/lib/rack/methodoverride.rb:15:in `call'
    /Library/Ruby/Gems/1.8/gems/actionpack-2.3.4/lib/action_controller/params_parser.rb:15:in `call'
    /Library/Ruby/Gems/1.8/gems/actionpack-2.3.4/lib/action_controller/session/cookie_store.rb:93:in `call'
    /Library/Ruby/Gems/1.8/gems/actionpack-2.3.4/lib/action_controller/failsafe.rb:26:in `call'
    /Library/Ruby/Gems/1.8/gems/passenger-2.2.5/vendor/rack-1.0.0-git/lib/rack/lock.rb:11:in `call'
    /Library/Ruby/Gems/1.8/gems/passenger-2.2.5/vendor/rack-1.0.0-git/lib/rack/lock.rb:11:in `synchronize'
    /Library/Ruby/Gems/1.8/gems/passenger-2.2.5/vendor/rack-1.0.0-git/lib/rack/lock.rb:11:in `call'
    /Library/Ruby/Gems/1.8/gems/actionpack-2.3.4/lib/action_controller/dispatcher.rb:114:in `call'
    /Library/Ruby/Gems/1.8/gems/actionpack-2.3.4/lib/action_controller/reloader.rb:34:in `run'
    /Library/Ruby/Gems/1.8/gems/actionpack-2.3.4/lib/action_controller/dispatcher.rb:108:in `call'
    /Library/Ruby/Gems/1.8/gems/passenger-2.2.5/lib/phusion_passenger/rack/request_handler.rb:95:in `process_request'
    /Library/Ruby/Gems/1.8/gems/passenger-2.2.5/lib/phusion_passenger/abstract_request_handler.rb:207:in `main_loop'
    /Library/Ruby/Gems/1.8/gems/passenger-2.2.5/lib/phusion_passenger/railz/application_spawner.rb:378:in `start_request_handler'
    /Library/Ruby/Gems/1.8/gems/passenger-2.2.5/lib/phusion_passenger/railz/application_spawner.rb:336:in `handle_spawn_application'
    /Library/Ruby/Gems/1.8/gems/passenger-2.2.5/lib/phusion_passenger/utils.rb:183:in `safe_fork'
    /Library/Ruby/Gems/1.8/gems/passenger-2.2.5/lib/phusion_passenger/railz/application_spawner.rb:334:in `handle_spawn_application'
    /Library/Ruby/Gems/1.8/gems/passenger-2.2.5/lib/phusion_passenger/abstract_server.rb:352:in `__send__'
    /Library/Ruby/Gems/1.8/gems/passenger-2.2.5/lib/phusion_passenger/abstract_server.rb:352:in `main_loop'
    /Library/Ruby/Gems/1.8/gems/passenger-2.2.5/lib/phusion_passenger/abstract_server.rb:196:in `start_synchronously'
    /Library/Ruby/Gems/1.8/gems/passenger-2.2.5/lib/phusion_passenger/abstract_server.rb:163:in `start'
    /Library/Ruby/Gems/1.8/gems/passenger-2.2.5/lib/phusion_passenger/railz/application_spawner.rb:213:in `start'
    /Library/Ruby/Gems/1.8/gems/passenger-2.2.5/lib/phusion_passenger/spawn_manager.rb:262:in `spawn_rails_application'
    /Library/Ruby/Gems/1.8/gems/passenger-2.2.5/lib/phusion_passenger/abstract_server_collection.rb:126:in `lookup_or_add'
    /Library/Ruby/Gems/1.8/gems/passenger-2.2.5/lib/phusion_passenger/spawn_manager.rb:256:in `spawn_rails_application'
    /Library/Ruby/Gems/1.8/gems/passenger-2.2.5/lib/phusion_passenger/abstract_server_collection.rb:80:in `synchronize'
    /Library/Ruby/Gems/1.8/gems/passenger-2.2.5/lib/phusion_passenger/abstract_server_collection.rb:79:in `synchronize'
    /Library/Ruby/Gems/1.8/gems/passenger-2.2.5/lib/phusion_passenger/spawn_manager.rb:255:in `spawn_rails_application'
    /Library/Ruby/Gems/1.8/gems/passenger-2.2.5/lib/phusion_passenger/spawn_manager.rb:154:in `spawn_application'
    /Library/Ruby/Gems/1.8/gems/passenger-2.2.5/lib/phusion_passenger/spawn_manager.rb:287:in `handle_spawn_application'
    /Library/Ruby/Gems/1.8/gems/passenger-2.2.5/lib/phusion_passenger/abstract_server.rb:352:in `__send__'
    /Library/Ruby/Gems/1.8/gems/passenger-2.2.5/lib/phusion_passenger/abstract_server.rb:352:in `main_loop'
    /Library/Ruby/Gems/1.8/gems/passenger-2.2.5/lib/phusion_passenger/abstract_server.rb:196:in `start_synchronously'
    /Library/Ruby/Gems/1.8/gems/passenger-2.2.5/bin/passenger-spawn-server:61
/!\ FAILSAFE /!\  Sat Nov 21 19:21:18 +0000 2009
  Status: 500 Internal Server Error
  bad content body
    /Library/Ruby/Gems/1.8/gems/passenger-2.2.5/vendor/rack-1.0.0-git/lib/rack/utils.rb:402:in `parse_multipart'
    /Library/Ruby/Gems/1.8/gems/passenger-2.2.5/vendor/rack-1.0.0-git/lib/rack/utils.rb:374:in `loop'
    /Library/Ruby/Gems/1.8/gems/passenger-2.2.5/vendor/rack-1.0.0-git/lib/rack/utils.rb:374:in `parse_multipart'
    /Library/Ruby/Gems/1.8/gems/passenger-2.2.5/vendor/rack-1.0.0-git/lib/rack/request.rb:135:in `POST'
    /Library/Ruby/Gems/1.8/gems/passenger-2.2.5/vendor/rack-1.0.0-git/lib/rack/methodoverride.rb:15:in `call'
    /Library/Ruby/Gems/1.8/gems/actionpack-2.3.4/lib/action_controller/params_parser.rb:15:in `call'
    /Library/Ruby/Gems/1.8/gems/actionpack-2.3.4/lib/action_controller/session/cookie_store.rb:93:in `call'
    /Library/Ruby/Gems/1.8/gems/actionpack-2.3.4/lib/action_controller/failsafe.rb:26:in `call'
    /Library/Ruby/Gems/1.8/gems/passenger-2.2.5/vendor/rack-1.0.0-git/lib/rack/lock.rb:11:in `call'
    /Library/Ruby/Gems/1.8/gems/passenger-2.2.5/vendor/rack-1.0.0-git/lib/rack/lock.rb:11:in `synchronize'
    /Library/Ruby/Gems/1.8/gems/passenger-2.2.5/vendor/rack-1.0.0-git/lib/rack/lock.rb:11:in `call'
    /Library/Ruby/Gems/1.8/gems/actionpack-2.3.4/lib/action_controller/dispatcher.rb:114:in `call'
    /Library/Ruby/Gems/1.8/gems/actionpack-2.3.4/lib/action_controller/reloader.rb:34:in `run'
    /Library/Ruby/Gems/1.8/gems/actionpack-2.3.4/lib/action_controller/dispatcher.rb:108:in `call'
    /Library/Ruby/Gems/1.8/gems/passenger-2.2.5/lib/phusion_passenger/rack/request_handler.rb:95:in `process_request'
    /Library/Ruby/Gems/1.8/gems/passenger-2.2.5/lib/phusion_passenger/abstract_request_handler.rb:207:in `main_loop'
    /Library/Ruby/Gems/1.8/gems/passenger-2.2.5/lib/phusion_passenger/railz/application_spawner.rb:378:in `start_request_handler'
    /Library/Ruby/Gems/1.8/gems/passenger-2.2.5/lib/phusion_passenger/railz/application_spawner.rb:336:in `handle_spawn_application'
    /Library/Ruby/Gems/1.8/gems/passenger-2.2.5/lib/phusion_passenger/utils.rb:183:in `safe_fork'
    /Library/Ruby/Gems/1.8/gems/passenger-2.2.5/lib/phusion_passenger/railz/application_spawner.rb:334:in `handle_spawn_application'
    /Library/Ruby/Gems/1.8/gems/passenger-2.2.5/lib/phusion_passenger/abstract_server.rb:352:in `__send__'
    /Library/Ruby/Gems/1.8/gems/passenger-2.2.5/lib/phusion_passenger/abstract_server.rb:352:in `main_loop'
    /Library/Ruby/Gems/1.8/gems/passenger-2.2.5/lib/phusion_passenger/abstract_server.rb:196:in `start_synchronously'
    /Library/Ruby/Gems/1.8/gems/passenger-2.2.5/lib/phusion_passenger/abstract_server.rb:163:in `start'
    /Library/Ruby/Gems/1.8/gems/passenger-2.2.5/lib/phusion_passenger/railz/application_spawner.rb:213:in `start'
    /Library/Ruby/Gems/1.8/gems/passenger-2.2.5/lib/phusion_passenger/spawn_manager.rb:262:in `spawn_rails_application'
    /Library/Ruby/Gems/1.8/gems/passenger-2.2.5/lib/phusion_passenger/abstract_server_collection.rb:126:in `lookup_or_add'
    /Library/Ruby/Gems/1.8/gems/passenger-2.2.5/lib/phusion_passenger/spawn_manager.rb:256:in `spawn_rails_application'
    /Library/Ruby/Gems/1.8/gems/passenger-2.2.5/lib/phusion_passenger/abstract_server_collection.rb:80:in `synchronize'
    /Library/Ruby/Gems/1.8/gems/passenger-2.2.5/lib/phusion_passenger/abstract_server_collection.rb:79:in `synchronize'
    /Library/Ruby/Gems/1.8/gems/passenger-2.2.5/lib/phusion_passenger/spawn_manager.rb:255:in `spawn_rails_application'
    /Library/Ruby/Gems/1.8/gems/passenger-2.2.5/lib/phusion_passenger/spawn_manager.rb:154:in `spawn_application'
    /Library/Ruby/Gems/1.8/gems/passenger-2.2.5/lib/phusion_passenger/spawn_manager.rb:287:in `handle_spawn_application'
    /Library/Ruby/Gems/1.8/gems/passenger-2.2.5/lib/phusion_passenger/abstract_server.rb:352:in `__send__'
    /Library/Ruby/Gems/1.8/gems/passenger-2.2.5/lib/phusion_passenger/abstract_server.rb:352:in `main_loop'
    /Library/Ruby/Gems/1.8/gems/passenger-2.2.5/lib/phusion_passenger/abstract_server.rb:196:in `start_synchronously'
    /Library/Ruby/Gems/1.8/gems/passenger-2.2.5/bin/passenger-spawn-server:61
/!\ FAILSAFE /!\  Sat Nov 21 19:21:30 +0000 2009
  Status: 500 Internal Server Error
  bad content body
    /Library/Ruby/Gems/1.8/gems/passenger-2.2.5/vendor/rack-1.0.0-git/lib/rack/utils.rb:402:in `parse_multipart'
    /Library/Ruby/Gems/1.8/gems/passenger-2.2.5/vendor/rack-1.0.0-git/lib/rack/utils.rb:374:in `loop'
    /Library/Ruby/Gems/1.8/gems/passenger-2.2.5/vendor/rack-1.0.0-git/lib/rack/utils.rb:374:in `parse_multipart'
    /Library/Ruby/Gems/1.8/gems/passenger-2.2.5/vendor/rack-1.0.0-git/lib/rack/request.rb:135:in `POST'
    /Library/Ruby/Gems/1.8/gems/passenger-2.2.5/vendor/rack-1.0.0-git/lib/rack/methodoverride.rb:15:in `call'
    /Library/Ruby/Gems/1.8/gems/actionpack-2.3.4/lib/action_controller/params_parser.rb:15:in `call'
    /Library/Ruby/Gems/1.8/gems/actionpack-2.3.4/lib/action_controller/session/cookie_store.rb:93:in `call'
    /Library/Ruby/Gems/1.8/gems/actionpack-2.3.4/lib/action_controller/failsafe.rb:26:in `call'
    /Library/Ruby/Gems/1.8/gems/passenger-2.2.5/vendor/rack-1.0.0-git/lib/rack/lock.rb:11:in `call'
    /Library/Ruby/Gems/1.8/gems/passenger-2.2.5/vendor/rack-1.0.0-git/lib/rack/lock.rb:11:in `synchronize'
    /Library/Ruby/Gems/1.8/gems/passenger-2.2.5/vendor/rack-1.0.0-git/lib/rack/lock.rb:11:in `call'
    /Library/Ruby/Gems/1.8/gems/actionpack-2.3.4/lib/action_controller/dispatcher.rb:114:in `call'
    /Library/Ruby/Gems/1.8/gems/actionpack-2.3.4/lib/action_controller/reloader.rb:34:in `run'
    /Library/Ruby/Gems/1.8/gems/actionpack-2.3.4/lib/action_controller/dispatcher.rb:108:in `call'
    /Library/Ruby/Gems/1.8/gems/passenger-2.2.5/lib/phusion_passenger/rack/request_handler.rb:95:in `process_request'
    /Library/Ruby/Gems/1.8/gems/passenger-2.2.5/lib/phusion_passenger/abstract_request_handler.rb:207:in `main_loop'
    /Library/Ruby/Gems/1.8/gems/passenger-2.2.5/lib/phusion_passenger/railz/application_spawner.rb:378:in `start_request_handler'
    /Library/Ruby/Gems/1.8/gems/passenger-2.2.5/lib/phusion_passenger/railz/application_spawner.rb:336:in `handle_spawn_application'
    /Library/Ruby/Gems/1.8/gems/passenger-2.2.5/lib/phusion_passenger/utils.rb:183:in `safe_fork'
    /Library/Ruby/Gems/1.8/gems/passenger-2.2.5/lib/phusion_passenger/railz/application_spawner.rb:334:in `handle_spawn_application'
    /Library/Ruby/Gems/1.8/gems/passenger-2.2.5/lib/phusion_passenger/abstract_server.rb:352:in `__send__'
    /Library/Ruby/Gems/1.8/gems/passenger-2.2.5/lib/phusion_passenger/abstract_server.rb:352:in `main_loop'
    /Library/Ruby/Gems/1.8/gems/passenger-2.2.5/lib/phusion_passenger/abstract_server.rb:196:in `start_synchronously'
    /Library/Ruby/Gems/1.8/gems/passenger-2.2.5/lib/phusion_passenger/abstract_server.rb:163:in `start'
    /Library/Ruby/Gems/1.8/gems/passenger-2.2.5/lib/phusion_passenger/railz/application_spawner.rb:213:in `start'
    /Library/Ruby/Gems/1.8/gems/passenger-2.2.5/lib/phusion_passenger/spawn_manager.rb:262:in `spawn_rails_application'
    /Library/Ruby/Gems/1.8/gems/passenger-2.2.5/lib/phusion_passenger/abstract_server_collection.rb:126:in `lookup_or_add'
    /Library/Ruby/Gems/1.8/gems/passenger-2.2.5/lib/phusion_passenger/spawn_manager.rb:256:in `spawn_rails_application'
    /Library/Ruby/Gems/1.8/gems/passenger-2.2.5/lib/phusion_passenger/abstract_server_collection.rb:80:in `synchronize'
    /Library/Ruby/Gems/1.8/gems/passenger-2.2.5/lib/phusion_passenger/abstract_server_collection.rb:79:in `synchronize'
    /Library/Ruby/Gems/1.8/gems/passenger-2.2.5/lib/phusion_passenger/spawn_manager.rb:255:in `spawn_rails_application'
    /Library/Ruby/Gems/1.8/gems/passenger-2.2.5/lib/phusion_passenger/spawn_manager.rb:154:in `spawn_application'
    /Library/Ruby/Gems/1.8/gems/passenger-2.2.5/lib/phusion_passenger/spawn_manager.rb:287:in `handle_spawn_application'
    /Library/Ruby/Gems/1.8/gems/passenger-2.2.5/lib/phusion_passenger/abstract_server.rb:352:in `__send__'
    /Library/Ruby/Gems/1.8/gems/passenger-2.2.5/lib/phusion_passenger/abstract_server.rb:352:in `main_loop'
    /Library/Ruby/Gems/1.8/gems/passenger-2.2.5/lib/phusion_passenger/abstract_server.rb:196:in `start_synchronously'
    /Library/Ruby/Gems/1.8/gems/passenger-2.2.5/bin/passenger-spawn-server:61


Processing PicturesController#create (for 127.0.0.1 at 2009-11-21 19:33:03) [POST]
  Parameters: {"Filename"=>"file.jpg", "Upload"=>"Submit Query", "Filedata"=>#<File:/tmp/RackMultipart20091121-55188-19zdem1-0>}
  [4;36;1mPicture Create (0.6ms)[0m   [0;1mINSERT INTO "pictures" ("pic_content_type", "created_at", "pic_updated_at", "updated_at", "pic_file_size", "pic_file_name") VALUES(NULL, '2009-11-21 19:33:03', NULL, '2009-11-21 19:33:03', NULL, NULL)[0m
[paperclip] Saving attachments.
Completed in 50ms (View: 4, DB: 1) | 200 OK [http://boxofturks.local/pictures]


Processing PicturesController#create (for 127.0.0.1 at 2009-11-21 19:35:12) [POST]
  Parameters: {"Filename"=>"file.jpg", "Upload"=>"Submit Query", "Filedata"=>#<File:/tmp/RackMultipart20091121-55188-19uc1pi-0>}
  [4;35;1mPicture Create (0.4ms)[0m   [0mINSERT INTO "pictures" ("pic_content_type", "created_at", "pic_updated_at", "updated_at", "pic_file_size", "pic_file_name") VALUES(NULL, '2009-11-21 19:35:12', NULL, '2009-11-21 19:35:12', NULL, NULL)[0m
[paperclip] Saving attachments.
Completed in 12ms (View: 1, DB: 0) | 200 OK [http://boxofturks.local/pictures]


Processing PicturesController#create (for 127.0.0.1 at 2009-11-21 19:36:13) [POST]
  Parameters: {"Filename"=>"file.jpg", "Upload"=>"Submit Query", "Filedata"=>#<File:/tmp/RackMultipart20091121-55188-pl5n02-0>}
Completed in 194ms (View: 1, DB: 0) | 200 OK [http://boxofturks.local/pictures]


Processing PicturesController#create (for 127.0.0.1 at 2009-11-21 19:36:32) [POST]
  Parameters: {"Filename"=>"file.jpg", "Upload"=>"Submit Query", "Filedata"=>#<File:/tmp/RackMultipart20091121-55188-x7kvyd-0>}
  [4;36;1mPicture Create (0.5ms)[0m   [0;1mINSERT INTO "pictures" ("pic_content_type", "created_at", "pic_updated_at", "updated_at", "pic_file_size", "pic_file_name") VALUES('application/octet-stream', '2009-11-21 19:36:32', '2009-11-21 19:36:32', '2009-11-21 19:36:32', 16789, 'file.jpg')[0m
[paperclip] Saving attachments.
[paperclip] saving /Users/asacalow/Projects/Madlab/BoxOfTurks/WebService/public/system/pics/11/original/file.jpg
Completed in 165ms (View: 1, DB: 0) | 200 OK [http://boxofturks.local/pictures]


Processing PicturesController#create (for 127.0.0.1 at 2009-11-21 19:44:30) [POST]
  Parameters: {"Filename"=>"file.jpg", "Upload"=>"Submit Query", "Filedata"=>#<File:/tmp/RackMultipart20091121-55345-1kjw27n-0>}
  [4;36;1mPicture Create (0.5ms)[0m   [0;1mINSERT INTO "pictures" ("pic_content_type", "created_at", "pic_updated_at", "updated_at", "pic_file_size", "pic_file_name") VALUES('application/octet-stream', '2009-11-21 19:44:30', '2009-11-21 19:44:30', '2009-11-21 19:44:30', 37723, 'file.jpg')[0m
[paperclip] Saving attachments.
[paperclip] saving /Users/asacalow/Projects/Madlab/BoxOfTurks/WebService/public/system/pics/12/original/file.jpg
Completed in 79ms (View: 3, DB: 1) | 200 OK [http://boxofturks.local/pictures]
  [4;36;1mSQL (1.6ms)[0m   [0;1m SELECT name
 FROM sqlite_master
 WHERE type = 'table' AND NOT name = 'sqlite_sequence'
[0m
  [4;35;1mSQL (0.4ms)[0m   [0mSELECT version FROM schema_migrations[0m
Migrating to CreatePictures (20091121132010)
Migrating to CreatePhotos (20091121200053)
  [4;36;1mSQL (0.1ms)[0m   [0;1mselect sqlite_version(*)[0m
  [4;35;1mSQL (0.6ms)[0m   [0mCREATE TABLE "photos" ("id" INTEGER PRIMARY KEY AUTOINCREMENT NOT NULL, "pic_file_name" varchar(255), "pic_content_type" varchar(255), "pic_file_size" integer(255), "pic_updated_at" datetime, "created_at" datetime, "updated_at" datetime) [0m
  [4;36;1mSQL (0.2ms)[0m   [0;1mINSERT INTO schema_migrations (version) VALUES ('20091121200053')[0m
  [4;35;1mSQL (0.3ms)[0m   [0m SELECT name
 FROM sqlite_master
 WHERE type = 'table' AND NOT name = 'sqlite_sequence'
[0m
  [4;36;1mSQL (0.1ms)[0m   [0;1mSELECT version FROM schema_migrations[0m
  [4;35;1mSQL (0.2ms)[0m   [0m SELECT name
 FROM sqlite_master
 WHERE type = 'table' AND NOT name = 'sqlite_sequence'
[0m
  [4;36;1mSQL (0.0ms)[0m   [0;1mPRAGMA index_list("photos")[0m
  [4;35;1mSQL (0.2ms)[0m   [0mPRAGMA index_list("pictures")[0m
